# JRE version: OpenJDK Runtime Environment Temurin-17.0.11+9 (17.0.11+9) (build 17.0.11+9)
# Java VM: OpenJDK 64-Bit Server VM Temurin-17.0.11+9 (17.0.11+9, mixed mode, emulated-client, tiered, compressed oops, compressed class ptrs, g1 gc, windows-amd64)
GC Precious Log:
 CPUs: 16 total, 16 available
 Memory: 32692M
 Large Page Support: Disabled
 NUMA Support: Disabled
 Compressed Oops: Enabled (32-bit)
 Heap Region Size: 1M
 Heap Min Capacity: 8M
 Heap Initial Capacity: 512M
 Heap Max Capacity: 1G
 Pre-touch: Disabled
 Parallel Workers: 13
 Concurrent Workers: 3
 Concurrent Refinement Workers: 13
 Periodic GC: Disabled
Heap:
 garbage-first heap   total 78848K, used 25044K [0x00000000c0000000, 0x0000000100000000)
  region size 1024K, 1 young (1024K), 0 survivors (0K)
 Metaspace       used 39678K, committed 40064K, reserved 1114112K
  class space    used 5274K, committed 5440K, reserved 1048576K
GC Heap History (20 events):
Event: 99228.257 GC heap before
{Heap before GC invocations=1913 (full 1728):
 garbage-first heap   total 78848K, used 25044K [0x00000000c0000000, 0x0000000100000000)
  region size 1024K, 1 young (1024K), 0 survivors (0K)
 Metaspace       used 39678K, committed 40064K, reserved 1114112K
  class space    used 5274K, committed 5440K, reserved 1048576K
}
Event: 99228.273 GC heap after
{Heap after GC invocations=1914 (full 1729):
 garbage-first heap   total 78848K, used 25044K [0x00000000c0000000, 0x0000000100000000)
  region size 1024K, 0 young (0K), 0 survivors (0K)
 Metaspace       used 39678K, committed 40064K, reserved 1114112K
  class space    used 5274K, committed 5440K, reserved 1048576K
}
Event: 99238.393 GC heap before
{Heap before GC invocations=1914 (full 1729):
 garbage-first heap   total 78848K, used 25044K [0x00000000c0000000, 0x0000000100000000)
  region size 1024K, 1 young (1024K), 0 survivors (0K)
 Metaspace       used 39678K, committed 40064K, reserved 1114112K
  class space    used 5274K, committed 5440K, reserved 1048576K
}
Event: 99238.409 GC heap after
{Heap after GC invocations=1915 (full 1730):
 garbage-first heap   total 78848K, used 25044K [0x00000000c0000000, 0x0000000100000000)
  region size 1024K, 0 young (0K), 0 survivors (0K)
 Metaspace       used 39678K, committed 40064K, reserved 1114112K
  class space    used 5274K, committed 5440K, reserved 1048576K
}
Event: 99248.550 GC heap before
{Heap before GC invocations=1915 (full 1730):
 garbage-first heap   total 78848K, used 25044K [0x00000000c0000000, 0x0000000100000000)
  region size 1024K, 1 young (1024K), 0 survivors (0K)
 Metaspace       used 39678K, committed 40064K, reserved 1114112K
  class space    used 5274K, committed 5440K, reserved 1048576K
}
Event: 99248.565 GC heap after
{Heap after GC invocations=1916 (full 1731):
 garbage-first heap   total 78848K, used 25044K [0x00000000c0000000, 0x0000000100000000)
  region size 1024K, 0 young (0K), 0 survivors (0K)
 Metaspace       used 39678K, committed 40064K, reserved 1114112K
  class space    used 5274K, committed 5440K, reserved 1048576K
}
Event: 99258.703 GC heap before
{Heap before GC invocations=1916 (full 1731):
 garbage-first heap   total 78848K, used 25044K [0x00000000c0000000, 0x0000000100000000)
  region size 1024K, 1 young (1024K), 0 survivors (0K)
 Metaspace       used 39678K, committed 40064K, reserved 1114112K
  class space    used 5274K, committed 5440K, reserved 1048576K
}
Event: 99258.720 GC heap after
{Heap after GC invocations=1917 (full 1732):
 garbage-first heap   total 78848K, used 25044K [0x00000000c0000000, 0x0000000100000000)
  region size 1024K, 0 young (0K), 0 survivors (0K)
 Metaspace       used 39678K, committed 40064K, reserved 1114112K
  class space    used 5274K, committed 5440K, reserved 1048576K
}
Event: 99268.860 GC heap before
{Heap before GC invocations=1917 (full 1732):
 garbage-first heap   total 78848K, used 25044K [0x00000000c0000000, 0x0000000100000000)
  region size 1024K, 1 young (1024K), 0 survivors (0K)
 Metaspace       used 39678K, committed 40064K, reserved 1114112K
  class space    used 5274K, committed 5440K, reserved 1048576K
}
Event: 99268.877 GC heap after
{Heap after GC invocations=1918 (full 1733):
 garbage-first heap   total 78848K, used 25044K [0x00000000c0000000, 0x0000000100000000)
  region size 1024K, 0 young (0K), 0 survivors (0K)
 Metaspace       used 39678K, committed 40064K, reserved 1114112K
  class space    used 5274K, committed 5440K, reserved 1048576K
}
Event: 99279.023 GC heap before
{Heap before GC invocations=1918 (full 1733):
 garbage-first heap   total 78848K, used 25044K [0x00000000c0000000, 0x0000000100000000)
  region size 1024K, 1 young (1024K), 0 survivors (0K)
 Metaspace       used 39678K, committed 40064K, reserved 1114112K
  class space    used 5274K, committed 5440K, reserved 1048576K
}
Event: 99279.041 GC heap after
{Heap after GC invocations=1919 (full 1734):
 garbage-first heap   total 78848K, used 25044K [0x00000000c0000000, 0x0000000100000000)
  region size 1024K, 0 young (0K), 0 survivors (0K)
 Metaspace       used 39678K, committed 40064K, reserved 1114112K
  class space    used 5274K, committed 5440K, reserved 1048576K
}
Event: 99289.182 GC heap before
{Heap before GC invocations=1919 (full 1734):
 garbage-first heap   total 78848K, used 25044K [0x00000000c0000000, 0x0000000100000000)
  region size 1024K, 1 young (1024K), 0 survivors (0K)
 Metaspace       used 39678K, committed 40064K, reserved 1114112K
  class space    used 5274K, committed 5440K, reserved 1048576K
}
Event: 99289.201 GC heap after
{Heap after GC invocations=1920 (full 1735):
 garbage-first heap   total 78848K, used 25044K [0x00000000c0000000, 0x0000000100000000)
  region size 1024K, 0 young (0K), 0 survivors (0K)
 Metaspace       used 39678K, committed 40064K, reserved 1114112K
  class space    used 5274K, committed 5440K, reserved 1048576K
}
Event: 99299.311 GC heap before
{Heap before GC invocations=1920 (full 1735):
 garbage-first heap   total 78848K, used 25044K [0x00000000c0000000, 0x0000000100000000)
  region size 1024K, 1 young (1024K), 0 survivors (0K)
 Metaspace       used 39678K, committed 40064K, reserved 1114112K
  class space    used 5274K, committed 5440K, reserved 1048576K
}
Event: 99299.326 GC heap after
{Heap after GC invocations=1921 (full 1736):
 garbage-first heap   total 78848K, used 25044K [0x00000000c0000000, 0x0000000100000000)
  region size 1024K, 0 young (0K), 0 survivors (0K)
 Metaspace       used 39678K, committed 40064K, reserved 1114112K
  class space    used 5274K, committed 5440K, reserved 1048576K
}
Event: 99309.411 GC heap before
{Heap before GC invocations=1921 (full 1736):
 garbage-first heap   total 78848K, used 25044K [0x00000000c0000000, 0x0000000100000000)
  region size 1024K, 1 young (1024K), 0 survivors (0K)
 Metaspace       used 39678K, committed 40064K, reserved 1114112K
  class space    used 5274K, committed 5440K, reserved 1048576K
}
Event: 99309.423 GC heap after
{Heap after GC invocations=1922 (full 1737):
 garbage-first heap   total 78848K, used 25044K [0x00000000c0000000, 0x0000000100000000)
  region size 1024K, 0 young (0K), 0 survivors (0K)
 Metaspace       used 39678K, committed 40064K, reserved 1114112K
  class space    used 5274K, committed 5440K, reserved 1048576K
}
Event: 99319.504 GC heap before
{Heap before GC invocations=1922 (full 1737):
 garbage-first heap   total 78848K, used 25044K [0x00000000c0000000, 0x0000000100000000)
  region size 1024K, 1 young (1024K), 0 survivors (0K)
 Metaspace       used 39678K, committed 40064K, reserved 1114112K
  class space    used 5274K, committed 5440K, reserved 1048576K
}
Event: 99319.516 GC heap after
{Heap after GC invocations=1923 (full 1738):
 garbage-first heap   total 78848K, used 25044K [0x00000000c0000000, 0x0000000100000000)
  region size 1024K, 0 young (0K), 0 survivors (0K)
 Metaspace       used 39678K, committed 40064K, reserved 1114112K
  class space    used 5274K, committed 5440K, reserved 1048576K
}

